<?xml version="1.0" encoding="UTF-8"?>
<!-- Generated by org.testng.reporters.JUnitReportReporter -->
<testsuite skipped="0" hostname="LAPTOP-FT5S200T" name="NewTest" tests="1" failures="0" timestamp="29 Jul 2019 11:47:43 GMT" time="1.875" errors="0">
  <testcase name="openMyBlog" time="1.875" classname="NewTest"/>
</testsuite> <!-- NewTest -->
